# JRE version: OpenJDK Runtime Environment (21.0.9) (build 21.0.9+-14787801-b1163.94)
# Java VM: OpenJDK 64-Bit Server VM (21.0.9+-14787801-b1163.94, mixed mode, tiered, compressed oops, compressed class ptrs, g1 gc, windows-amd64)
GC Precious Log:
 CardTable entry size: 512
 Card Set container configuration: InlinePtr #cards 5 size 8 Array Of Cards #cards 12 size 40 Howl #buckets 4 coarsen threshold 1843 Howl Bitmap #cards 512 size 80 coarsen threshold 460 Card regions per heap region 1 cards per card region 2048
 CPUs: 16 total, 16 available
 Memory: 7882M
 Large Page Support: Disabled
 NUMA Support: Disabled
 Compressed Oops: Enabled (32-bit)
 Heap Region Size: 1M
 Heap Min Capacity: 8M
 Heap Initial Capacity: 124M
 Heap Max Capacity: 2G
 Pre-touch: Disabled
 Parallel Workers: 13
 Concurrent Workers: 3
 Concurrent Refinement Workers: 13
 Periodic GC: Disabled
Heap:
 garbage-first heap   total 118784K, used 75774K [0x0000000080000000, 0x0000000100000000)
  region size 1024K, 29 young (29696K), 1 survivors (1024K)
 Metaspace       used 62271K, committed 63808K, reserved 1114112K
  class space    used 8822K, committed 9600K, reserved 1048576K
GC Heap History (20 events):
Event: 1.354 GC heap before
{Heap before GC invocations=2 (full 0):
 garbage-first heap   total 126976K, used 62091K [0x0000000080000000, 0x0000000100000000)
  region size 1024K, 52 young (53248K), 3 survivors (3072K)
 Metaspace       used 12631K, committed 12864K, reserved 1114112K
  class space    used 1367K, committed 1472K, reserved 1048576K
}
Event: 1.360 GC heap after
{Heap after GC invocations=3 (full 0):
 garbage-first heap   total 126976K, used 15630K [0x0000000080000000, 0x0000000100000000)
  region size 1024K, 7 young (7168K), 7 survivors (7168K)
 Metaspace       used 12631K, committed 12864K, reserved 1114112K
  class space    used 1367K, committed 1472K, reserved 1048576K
}
Event: 2.004 GC heap before
{Heap before GC invocations=3 (full 0):
 garbage-first heap   total 126976K, used 44302K [0x0000000080000000, 0x0000000100000000)
  region size 1024K, 36 young (36864K), 7 survivors (7168K)
 Metaspace       used 21263K, committed 21504K, reserved 1114112K
  class space    used 2516K, committed 2624K, reserved 1048576K
}
Event: 2.010 GC heap after
{Heap after GC invocations=4 (full 0):
 garbage-first heap   total 126976K, used 19189K [0x0000000080000000, 0x0000000100000000)
  region size 1024K, 8 young (8192K), 8 survivors (8192K)
 Metaspace       used 21263K, committed 21504K, reserved 1114112K
  class space    used 2516K, committed 2624K, reserved 1048576K
}
Event: 2.713 GC heap before
{Heap before GC invocations=5 (full 0):
 garbage-first heap   total 65536K, used 64245K [0x0000000080000000, 0x0000000100000000)
  region size 1024K, 53 young (54272K), 8 survivors (8192K)
 Metaspace       used 28836K, committed 29312K, reserved 1114112K
  class space    used 3787K, committed 3968K, reserved 1048576K
}
Event: 2.720 GC heap after
{Heap after GC invocations=6 (full 0):
 garbage-first heap   total 77824K, used 22277K [0x0000000080000000, 0x0000000100000000)
  region size 1024K, 7 young (7168K), 7 survivors (7168K)
 Metaspace       used 28836K, committed 29312K, reserved 1114112K
  class space    used 3787K, committed 3968K, reserved 1048576K
}
Event: 3.346 GC heap before
{Heap before GC invocations=6 (full 0):
 garbage-first heap   total 77824K, used 61189K [0x0000000080000000, 0x0000000100000000)
  region size 1024K, 45 young (46080K), 7 survivors (7168K)
 Metaspace       used 34204K, committed 35008K, reserved 1114112K
  class space    used 4740K, committed 5120K, reserved 1048576K
}
Event: 3.355 GC heap after
{Heap after GC invocations=7 (full 0):
 garbage-first heap   total 77824K, used 24344K [0x0000000080000000, 0x0000000100000000)
  region size 1024K, 5 young (5120K), 5 survivors (5120K)
 Metaspace       used 34204K, committed 35008K, reserved 1114112K
  class space    used 4740K, committed 5120K, reserved 1048576K
}
Event: 3.445 GC heap before
{Heap before GC invocations=7 (full 0):
 garbage-first heap   total 77824K, used 31512K [0x0000000080000000, 0x0000000100000000)
  region size 1024K, 13 young (13312K), 5 survivors (5120K)
 Metaspace       used 35175K, committed 35968K, reserved 1114112K
  class space    used 4897K, committed 5312K, reserved 1048576K
}
Event: 3.450 GC heap after
{Heap after GC invocations=8 (full 0):
 garbage-first heap   total 94208K, used 25204K [0x0000000080000000, 0x0000000100000000)
  region size 1024K, 4 young (4096K), 4 survivors (4096K)
 Metaspace       used 35175K, committed 35968K, reserved 1114112K
  class space    used 4897K, committed 5312K, reserved 1048576K
}
Event: 4.229 GC heap before
{Heap before GC invocations=9 (full 0):
 garbage-first heap   total 89088K, used 77428K [0x0000000080000000, 0x0000000100000000)
  region size 1024K, 55 young (56320K), 4 survivors (4096K)
 Metaspace       used 45316K, committed 46464K, reserved 1114112K
  class space    used 6298K, committed 6848K, reserved 1048576K
}
Event: 4.239 GC heap after
{Heap after GC invocations=10 (full 0):
 garbage-first heap   total 89088K, used 29340K [0x0000000080000000, 0x0000000100000000)
  region size 1024K, 7 young (7168K), 7 survivors (7168K)
 Metaspace       used 45316K, committed 46464K, reserved 1114112K
  class space    used 6298K, committed 6848K, reserved 1048576K
}
Event: 4.713 GC heap before
{Heap before GC invocations=10 (full 0):
 garbage-first heap   total 89088K, used 79516K [0x0000000080000000, 0x0000000100000000)
  region size 1024K, 52 young (53248K), 7 survivors (7168K)
 Metaspace       used 49258K, committed 50496K, reserved 1114112K
  class space    used 6748K, committed 7360K, reserved 1048576K
}
Event: 4.724 GC heap after
{Heap after GC invocations=11 (full 0):
 garbage-first heap   total 94208K, used 33484K [0x0000000080000000, 0x0000000100000000)
  region size 1024K, 5 young (5120K), 5 survivors (5120K)
 Metaspace       used 49258K, committed 50496K, reserved 1114112K
  class space    used 6748K, committed 7360K, reserved 1048576K
}
Event: 5.428 GC heap before
{Heap before GC invocations=11 (full 0):
 garbage-first heap   total 94208K, used 82636K [0x0000000080000000, 0x0000000100000000)
  region size 1024K, 51 young (52224K), 5 survivors (5120K)
 Metaspace       used 53277K, committed 54528K, reserved 1114112K
  class space    used 7422K, committed 8000K, reserved 1048576K
}
Event: 5.434 GC heap after
{Heap after GC invocations=12 (full 0):
 garbage-first heap   total 94208K, used 41496K [0x0000000080000000, 0x0000000100000000)
  region size 1024K, 7 young (7168K), 7 survivors (7168K)
 Metaspace       used 53277K, committed 54528K, reserved 1114112K
  class space    used 7422K, committed 8000K, reserved 1048576K
}
Event: 6.032 GC heap before
{Heap before GC invocations=12 (full 0):
 garbage-first heap   total 94208K, used 81432K [0x0000000080000000, 0x0000000100000000)
  region size 1024K, 46 young (47104K), 7 survivors (7168K)
 Metaspace       used 57552K, committed 58944K, reserved 1114112K
  class space    used 8126K, committed 8768K, reserved 1048576K
}
Event: 6.039 GC heap after
{Heap after GC invocations=13 (full 0):
 garbage-first heap   total 94208K, used 45240K [0x0000000080000000, 0x0000000100000000)
  region size 1024K, 4 young (4096K), 4 survivors (4096K)
 Metaspace       used 57552K, committed 58944K, reserved 1114112K
  class space    used 8126K, committed 8768K, reserved 1048576K
}
Event: 6.173 GC heap before
{Heap before GC invocations=13 (full 0):
 garbage-first heap   total 94208K, used 53432K [0x0000000080000000, 0x0000000100000000)
  region size 1024K, 13 young (13312K), 4 survivors (4096K)
 Metaspace       used 58734K, committed 60096K, reserved 1114112K
  class space    used 8326K, committed 8960K, reserved 1048576K
}
Event: 6.177 GC heap after
{Heap after GC invocations=14 (full 0):
 garbage-first heap   total 118784K, used 46078K [0x0000000080000000, 0x0000000100000000)
  region size 1024K, 1 young (1024K), 1 survivors (1024K)
 Metaspace       used 58734K, committed 60096K, reserved 1114112K
  class space    used 8326K, committed 8960K, reserved 1048576K
}

