# JRE version: OpenJDK Runtime Environment (21.0.9) (build 21.0.9+-14787801-b1163.94)
# Java VM: OpenJDK 64-Bit Server VM (21.0.9+-14787801-b1163.94, mixed mode, tiered, compressed oops, compressed class ptrs, g1 gc, windows-amd64)
GC Precious Log:
 CardTable entry size: 512
 Card Set container configuration: InlinePtr #cards 5 size 8 Array Of Cards #cards 12 size 40 Howl #buckets 4 coarsen threshold 1843 Howl Bitmap #cards 512 size 80 coarsen threshold 460 Card regions per heap region 1 cards per card region 2048
 CPUs: 16 total, 16 available
 Memory: 7882M
 Large Page Support: Disabled
 NUMA Support: Disabled
 Compressed Oops: Enabled (32-bit)
 Heap Region Size: 1M
 Heap Min Capacity: 8M
 Heap Initial Capacity: 124M
 Heap Max Capacity: 2G
 Pre-touch: Disabled
 Parallel Workers: 13
 Concurrent Workers: 3
 Concurrent Refinement Workers: 13
 Periodic GC: Disabled
Heap:
 garbage-first heap   total 112640K, used 92712K [0x0000000080000000, 0x0000000100000000)
  region size 1024K, 23 young (23552K), 1 survivors (1024K)
 Metaspace       used 64107K, committed 65792K, reserved 1114112K
  class space    used 8994K, committed 9792K, reserved 1048576K
GC Heap History (20 events):
Event: 3.553 GC heap before
{Heap before GC invocations=6 (full 0):
 garbage-first heap   total 80896K, used 63485K [0x0000000080000000, 0x0000000100000000)
  region size 1024K, 47 young (48128K), 7 survivors (7168K)
 Metaspace       used 34688K, committed 35584K, reserved 1114112K
  class space    used 4826K, committed 5248K, reserved 1048576K
}
Event: 3.561 GC heap after
{Heap after GC invocations=7 (full 0):
 garbage-first heap   total 80896K, used 24524K [0x0000000080000000, 0x0000000100000000)
  region size 1024K, 6 young (6144K), 6 survivors (6144K)
 Metaspace       used 34688K, committed 35584K, reserved 1114112K
  class space    used 4826K, committed 5248K, reserved 1048576K
}
Event: 3.607 GC heap before
{Heap before GC invocations=7 (full 0):
 garbage-first heap   total 80896K, used 27596K [0x0000000080000000, 0x0000000100000000)
  region size 1024K, 10 young (10240K), 6 survivors (6144K)
 Metaspace       used 35150K, committed 35968K, reserved 1114112K
  class space    used 4892K, committed 5312K, reserved 1048576K
}
Event: 3.612 GC heap after
{Heap after GC invocations=8 (full 0):
 garbage-first heap   total 97280K, used 24865K [0x0000000080000000, 0x0000000100000000)
  region size 1024K, 3 young (3072K), 3 survivors (3072K)
 Metaspace       used 35150K, committed 35968K, reserved 1114112K
  class space    used 4892K, committed 5312K, reserved 1048576K
}
Event: 4.430 GC heap before
{Heap before GC invocations=9 (full 0):
 garbage-first heap   total 86016K, used 79137K [0x0000000080000000, 0x0000000100000000)
  region size 1024K, 57 young (58368K), 3 survivors (3072K)
 Metaspace       used 45666K, committed 46784K, reserved 1114112K
  class space    used 6334K, committed 6848K, reserved 1048576K
}
Event: 4.440 GC heap after
{Heap after GC invocations=10 (full 0):
 garbage-first heap   total 90112K, used 30335K [0x0000000080000000, 0x0000000100000000)
  region size 1024K, 8 young (8192K), 8 survivors (8192K)
 Metaspace       used 45666K, committed 46784K, reserved 1114112K
  class space    used 6334K, committed 6848K, reserved 1048576K
}
Event: 4.925 GC heap before
{Heap before GC invocations=10 (full 0):
 garbage-first heap   total 90112K, used 79487K [0x0000000080000000, 0x0000000100000000)
  region size 1024K, 52 young (53248K), 8 survivors (8192K)
 Metaspace       used 49496K, committed 50816K, reserved 1114112K
  class space    used 6787K, committed 7424K, reserved 1048576K
}
Event: 4.937 GC heap after
{Heap after GC invocations=11 (full 0):
 garbage-first heap   total 93184K, used 33628K [0x0000000080000000, 0x0000000100000000)
  region size 1024K, 4 young (4096K), 4 survivors (4096K)
 Metaspace       used 49496K, committed 50816K, reserved 1114112K
  class space    used 6787K, committed 7424K, reserved 1048576K
}
Event: 5.618 GC heap before
{Heap before GC invocations=11 (full 0):
 garbage-first heap   total 93184K, used 81756K [0x0000000080000000, 0x0000000100000000)
  region size 1024K, 49 young (50176K), 4 survivors (4096K)
 Metaspace       used 53405K, committed 54720K, reserved 1114112K
  class space    used 7455K, committed 8064K, reserved 1048576K
}
Event: 5.623 GC heap after
{Heap after GC invocations=12 (full 0):
 garbage-first heap   total 93184K, used 41891K [0x0000000080000000, 0x0000000100000000)
  region size 1024K, 7 young (7168K), 7 survivors (7168K)
 Metaspace       used 53405K, committed 54720K, reserved 1114112K
  class space    used 7455K, committed 8064K, reserved 1048576K
}
Event: 6.169 GC heap before
{Heap before GC invocations=12 (full 0):
 garbage-first heap   total 93184K, used 79779K [0x0000000080000000, 0x0000000100000000)
  region size 1024K, 44 young (45056K), 7 survivors (7168K)
 Metaspace       used 57205K, committed 58688K, reserved 1114112K
  class space    used 8087K, committed 8768K, reserved 1048576K
}
Event: 6.174 GC heap after
{Heap after GC invocations=13 (full 0):
 garbage-first heap   total 93184K, used 45695K [0x0000000080000000, 0x0000000100000000)
  region size 1024K, 4 young (4096K), 4 survivors (4096K)
 Metaspace       used 57205K, committed 58688K, reserved 1114112K
  class space    used 8087K, committed 8768K, reserved 1048576K
}
Event: 6.330 GC heap before
{Heap before GC invocations=13 (full 0):
 garbage-first heap   total 93184K, used 53887K [0x0000000080000000, 0x0000000100000000)
  region size 1024K, 13 young (13312K), 4 survivors (4096K)
 Metaspace       used 58691K, committed 60096K, reserved 1114112K
  class space    used 8325K, committed 8960K, reserved 1048576K
}
Event: 6.334 GC heap after
{Heap after GC invocations=14 (full 0):
 garbage-first heap   total 93184K, used 46502K [0x0000000080000000, 0x0000000100000000)
  region size 1024K, 1 young (1024K), 1 survivors (1024K)
 Metaspace       used 58691K, committed 60096K, reserved 1114112K
  class space    used 8325K, committed 8960K, reserved 1048576K
}
Event: 6.893 GC heap before
{Heap before GC invocations=15 (full 0):
 garbage-first heap   total 93184K, used 81318K [0x0000000080000000, 0x0000000100000000)
  region size 1024K, 34 young (34816K), 1 survivors (1024K)
 Metaspace       used 62704K, committed 64384K, reserved 1114112K
  class space    used 8889K, committed 9664K, reserved 1048576K
}
Event: 6.898 GC heap after
{Heap after GC invocations=16 (full 0):
 garbage-first heap   total 112640K, used 49283K [0x0000000080000000, 0x0000000100000000)
  region size 1024K, 4 young (4096K), 4 survivors (4096K)
 Metaspace       used 62704K, committed 64384K, reserved 1114112K
  class space    used 8889K, committed 9664K, reserved 1048576K
}
Event: 7.308 GC heap before
{Heap before GC invocations=16 (full 0):
 garbage-first heap   total 112640K, used 96387K [0x0000000080000000, 0x0000000100000000)
  region size 1024K, 51 young (52224K), 4 survivors (4096K)
 Metaspace       used 63628K, committed 65280K, reserved 1114112K
  class space    used 8925K, committed 9728K, reserved 1048576K
}
Event: 7.314 GC heap after
{Heap after GC invocations=17 (full 0):
 garbage-first heap   total 112640K, used 55630K [0x0000000080000000, 0x0000000100000000)
  region size 1024K, 7 young (7168K), 7 survivors (7168K)
 Metaspace       used 63628K, committed 65280K, reserved 1114112K
  class space    used 8925K, committed 9728K, reserved 1048576K
}
Event: 7.369 GC heap before
{Heap before GC invocations=17 (full 0):
 garbage-first heap   total 112640K, used 62798K [0x0000000080000000, 0x0000000100000000)
  region size 1024K, 15 young (15360K), 7 survivors (7168K)
 Metaspace       used 63661K, committed 65344K, reserved 1114112K
  class space    used 8930K, committed 9728K, reserved 1048576K
}
Event: 7.374 GC heap after
{Heap after GC invocations=18 (full 0):
 garbage-first heap   total 112640K, used 56872K [0x0000000080000000, 0x0000000100000000)
  region size 1024K, 1 young (1024K), 1 survivors (1024K)
 Metaspace       used 63661K, committed 65344K, reserved 1114112K
  class space    used 8930K, committed 9728K, reserved 1048576K
}

